# JRE version: OpenJDK Runtime Environment (8.0_76-b03) (build 1.8.0_76-release-b03)
# Java VM: OpenJDK 64-Bit Server VM (25.76-b03 mixed mode windows-amd64 compressed oops)
Heap:
 PSYoungGen      total 198656K, used 189264K [0x00000000e0000000, 0x00000000f1080000, 0x0000000100000000)
  eden space 180736K, 100% used [0x00000000e0000000,0x00000000eb080000,0x00000000eb080000)
  from space 17920K, 47% used [0x00000000eb080000,0x00000000eb8d4010,0x00000000ec200000)
  to   space 17408K, 25% used [0x00000000eff80000,0x00000000f03c8000,0x00000000f1080000)
 ParOldGen       total 97280K, used 31005K [0x00000000a0000000, 0x00000000a5f00000, 0x00000000e0000000)
  object space 97280K, 31% used [0x00000000a0000000,0x00000000a1e477a8,0x00000000a5f00000)
 Metaspace       used 58632K, capacity 60380K, committed 63024K, reserved 1103872K
  class space    used 7668K, capacity 7996K, committed 8752K, reserved 1048576K
GC Heap History (10 events):
Event: 39.474 GC heap after
Heap after GC invocations=16 (full 3):
 PSYoungGen      total 195584K, used 0K [0x00000000e0000000, 0x00000000ed480000, 0x0000000100000000)
  eden space 176640K, 0% used [0x00000000e0000000,0x00000000e0000000,0x00000000eac80000)
  from space 18944K, 0% used [0x00000000eac80000,0x00000000eac80000,0x00000000ebf00000)
  to   space 18944K, 0% used [0x00000000ec200000,0x00000000ec200000,0x00000000ed480000)
 ParOldGen       total 50688K, used 42944K [0x00000000a0000000, 0x00000000a3180000, 0x00000000e0000000)
  object space 50688K, 84% used [0x00000000a0000000,0x00000000a29f0148,0x00000000a3180000)
 Metaspace       used 54886K, capacity 56938K, committed 57136K, reserved 1097728K
  class space    used 7498K, capacity 7978K, committed 7984K, reserved 1048576K
}
Event: 69.941 GC heap before
{Heap before GC invocations=17 (full 4):
 PSYoungGen      total 195584K, used 176640K [0x00000000e0000000, 0x00000000ed480000, 0x0000000100000000)
  eden space 176640K, 100% used [0x00000000e0000000,0x00000000eac80000,0x00000000eac80000)
  from space 18944K, 0% used [0x00000000eac80000,0x00000000eac80000,0x00000000ebf00000)
  to   space 18944K, 0% used [0x00000000ec200000,0x00000000ec200000,0x00000000ed480000)
 ParOldGen       total 50688K, used 42944K [0x00000000a0000000, 0x00000000a3180000, 0x00000000e0000000)
  object space 50688K, 84% used [0x00000000a0000000,0x00000000a29f0148,0x00000000a3180000)
 Metaspace       used 58166K, capacity 60356K, committed 60592K, reserved 1101824K
  class space    used 7847K, capacity 8347K, committed 8368K, reserved 1048576K
Event: 70.291 GC heap after
Heap after GC invocations=17 (full 4):
 PSYoungGen      total 195584K, used 0K [0x00000000e0000000, 0x00000000ed480000, 0x0000000100000000)
  eden space 176640K, 0% used [0x00000000e0000000,0x00000000e0000000,0x00000000eac80000)
  from space 18944K, 0% used [0x00000000eac80000,0x00000000eac80000,0x00000000ebf00000)
  to   space 18944K, 0% used [0x00000000ec200000,0x00000000ec200000,0x00000000ed480000)
 ParOldGen       total 97280K, used 50376K [0x00000000a0000000, 0x00000000a5f00000, 0x00000000e0000000)
  object space 97280K, 51% used [0x00000000a0000000,0x00000000a3132078,0x00000000a5f00000)
 Metaspace       used 58166K, capacity 60356K, committed 60592K, reserved 1101824K
  class space    used 7847K, capacity 8347K, committed 8368K, reserved 1048576K
}
Event: 1642.237 GC heap before
{Heap before GC invocations=18 (full 4):
 PSYoungGen      total 195584K, used 168292K [0x00000000e0000000, 0x00000000ed480000, 0x0000000100000000)
  eden space 176640K, 95% used [0x00000000e0000000,0x00000000ea459108,0x00000000eac80000)
  from space 18944K, 0% used [0x00000000eac80000,0x00000000eac80000,0x00000000ebf00000)
  to   space 18944K, 0% used [0x00000000ec200000,0x00000000ec200000,0x00000000ed480000)
 ParOldGen       total 97280K, used 50376K [0x00000000a0000000, 0x00000000a5f00000, 0x00000000e0000000)
  object space 97280K, 51% used [0x00000000a0000000,0x00000000a3132078,0x00000000a5f00000)
 Metaspace       used 60328K, capacity 62896K, committed 63024K, reserved 1103872K
  class space    used 8148K, capacity 8751K, committed 8752K, reserved 1048576K
Event: 1643.154 GC heap after
Heap after GC invocations=18 (full 4):
 PSYoungGen      total 199680K, used 6961K [0x00000000e0000000, 0x00000000f1300000, 0x0000000100000000)
  eden space 180736K, 0% used [0x00000000e0000000,0x00000000e0000000,0x00000000eb080000)
  from space 18944K, 36% used [0x00000000ec200000,0x00000000ec8cc668,0x00000000ed480000)
  to   space 17920K, 0% used [0x00000000eb080000,0x00000000eb080000,0x00000000ec200000)
 ParOldGen       total 97280K, used 50384K [0x00000000a0000000, 0x00000000a5f00000, 0x00000000e0000000)
  object space 97280K, 51% used [0x00000000a0000000,0x00000000a3134078,0x00000000a5f00000)
 Metaspace       used 60328K, capacity 62896K, committed 63024K, reserved 1103872K
  class space    used 8148K, capacity 8751K, committed 8752K, reserved 1048576K
}
Event: 1643.154 GC heap before
{Heap before GC invocations=19 (full 5):
 PSYoungGen      total 199680K, used 6961K [0x00000000e0000000, 0x00000000f1300000, 0x0000000100000000)
  eden space 180736K, 0% used [0x00000000e0000000,0x00000000e0000000,0x00000000eb080000)
  from space 18944K, 36% used [0x00000000ec200000,0x00000000ec8cc668,0x00000000ed480000)
  to   space 17920K, 0% used [0x00000000eb080000,0x00000000eb080000,0x00000000ec200000)
 ParOldGen       total 97280K, used 50384K [0x00000000a0000000, 0x00000000a5f00000, 0x00000000e0000000)
  object space 97280K, 51% used [0x00000000a0000000,0x00000000a3134078,0x00000000a5f00000)
 Metaspace       used 60328K, capacity 62896K, committed 63024K, reserved 1103872K
  class space    used 8148K, capacity 8751K, committed 8752K, reserved 1048576K
Event: 1644.588 GC heap after
Heap after GC invocations=19 (full 5):
 PSYoungGen      total 199680K, used 0K [0x00000000e0000000, 0x00000000f1300000, 0x0000000100000000)
  eden space 180736K, 0% used [0x00000000e0000000,0x00000000e0000000,0x00000000eb080000)
  from space 18944K, 0% used [0x00000000ec200000,0x00000000ec200000,0x00000000ed480000)
  to   space 17920K, 0% used [0x00000000eb080000,0x00000000eb080000,0x00000000ec200000)
 ParOldGen       total 97280K, used 24423K [0x00000000a0000000, 0x00000000a5f00000, 0x00000000e0000000)
  object space 97280K, 25% used [0x00000000a0000000,0x00000000a17d9cc8,0x00000000a5f00000)
 Metaspace       used 56957K, capacity 58190K, committed 63024K, reserved 1103872K
  class space    used 7501K, capacity 7749K, committed 8752K, reserved 1048576K
}
Event: 1689.970 GC heap before
{Heap before GC invocations=20 (full 5):
 PSYoungGen      total 199680K, used 180736K [0x00000000e0000000, 0x00000000f1300000, 0x0000000100000000)
  eden space 180736K, 100% used [0x00000000e0000000,0x00000000eb080000,0x00000000eb080000)
  from space 18944K, 0% used [0x00000000ec200000,0x00000000ec200000,0x00000000ed480000)
  to   space 17920K, 0% used [0x00000000eb080000,0x00000000eb080000,0x00000000ec200000)
 ParOldGen       total 97280K, used 24423K [0x00000000a0000000, 0x00000000a5f00000, 0x00000000e0000000)
  object space 97280K, 25% used [0x00000000a0000000,0x00000000a17d9cc8,0x00000000a5f00000)
 Metaspace       used 57493K, capacity 59006K, committed 63024K, reserved 1103872K
  class space    used 7563K, capacity 7849K, committed 8752K, reserved 1048576K
Event: 1690.036 GC heap after
Heap after GC invocations=20 (full 5):
 PSYoungGen      total 198656K, used 8528K [0x00000000e0000000, 0x00000000f1080000, 0x0000000100000000)
  eden space 180736K, 0% used [0x00000000e0000000,0x00000000e0000000,0x00000000eb080000)
  from space 17920K, 47% used [0x00000000eb080000,0x00000000eb8d4010,0x00000000ec200000)
  to   space 17408K, 0% used [0x00000000eff80000,0x00000000eff80000,0x00000000f1080000)
 ParOldGen       total 97280K, used 24431K [0x00000000a0000000, 0x00000000a5f00000, 0x00000000e0000000)
  object space 97280K, 25% used [0x00000000a0000000,0x00000000a17dbcc8,0x00000000a5f00000)
 Metaspace       used 57493K, capacity 59006K, committed 63024K, reserved 1103872K
  class space    used 7563K, capacity 7849K, committed 8752K, reserved 1048576K
}
Event: 2061.769 GC heap before
{Heap before GC invocations=21 (full 5):
 PSYoungGen      total 198656K, used 189264K [0x00000000e0000000, 0x00000000f1080000, 0x0000000100000000)
  eden space 180736K, 100% used [0x00000000e0000000,0x00000000eb080000,0x00000000eb080000)
  from space 17920K, 47% used [0x00000000eb080000,0x00000000eb8d4010,0x00000000ec200000)
  to   space 17408K, 0% used [0x00000000eff80000,0x00000000eff80000,0x00000000f1080000)
 ParOldGen       total 97280K, used 24431K [0x00000000a0000000, 0x00000000a5f00000, 0x00000000e0000000)
  object space 97280K, 25% used [0x00000000a0000000,0x00000000a17dbcc8,0x00000000a5f00000)
 Metaspace       used 58632K, capacity 60380K, committed 63024K, reserved 1103872K
  class space    used 7668K, capacity 7996K, committed 8752K, reserved 1048576K

